{
  "RSpec": {
    "coverage": {
      "/Users/bhsieh/Documents/git/benspotatoes/app/controllers/application_controller.rb": [
        1,
        1,
        null
      ],
      "/Users/bhsieh/Documents/git/benspotatoes/app/helpers/application_helper.rb": [
        1,
        1,
        0,
        null,
        0,
        null,
        0,
        null,
        0,
        null,
        0,
        null,
        0,
        null,
        null,
        null
      ],
      "/Users/bhsieh/Documents/git/benspotatoes/app/helpers/movies_helper.rb": [
        1,
        1,
        0,
        0,
        null,
        0,
        0,
        null,
        0,
        0,
        0,
        null,
        null,
        0,
        0,
        0,
        null,
        null,
        0,
        0,
        0,
        null,
        null,
        null,
        null
      ],
      "/Users/bhsieh/Documents/git/benspotatoes/app/helpers/pages_helper.rb": [
        1,
        null
      ],
      "/Users/bhsieh/Documents/git/benspotatoes/app/controllers/movies_controller.rb": [
        1,
        1,
        2,
        0,
        0,
        null,
        0,
        null,
        0,
        0,
        null,
        null,
        2,
        2,
        2,
        null,
        2,
        2,
        null,
        2,
        2,
        null,
        2,
        null,
        2,
        null,
        2,
        0,
        0,
        0,
        null,
        null,
        null,
        null,
        null,
        null,
        null,
        null,
        null,
        0,
        0,
        null,
        null,
        null,
        2,
        null,
        null,
        null,
        2,
        null,
        null,
        2,
        null,
        2,
        null,
        null,
        null,
        null,
        null,
        null,
        null,
        null,
        null,
        null,
        null,
        null,
        null,
        2,
        2,
        null,
        null,
        0,
        null,
        null,
        null,
        null,
        null,
        null,
        null,
        null,
        null,
        null,
        null,
        null,
        null,
        0,
        null,
        null,
        null,
        1,
        1,
        null,
        null,
        1,
        null,
        null,
        1,
        1,
        null,
        null,
        1,
        5,
        5,
        3,
        3,
        null,
        2,
        2,
        null,
        null,
        null,
        1,
        5,
        5,
        2,
        2,
        null,
        3,
        3,
        null,
        null,
        null,
        1,
        2,
        2,
        2,
        2,
        null,
        null,
        1,
        1,
        6,
        null,
        2,
        2,
        10,
        null,
        2,
        2,
        0,
        null,
        2,
        0,
        0,
        0,
        0,
        null,
        null,
        null,
        2,
        2,
        10,
        null,
        2,
        2,
        0,
        null,
        2,
        0,
        0,
        0,
        0,
        null,
        null,
        null,
        2,
        2,
        6,
        null,
        2,
        2,
        0,
        null,
        2,
        0,
        0,
        0,
        0,
        null,
        null,
        null,
        null,
        null,
        1,
        4,
        null,
        2,
        2,
        0,
        0,
        0,
        0,
        null,
        null,
        null,
        2,
        2,
        0,
        0,
        0,
        0,
        null,
        null,
        null,
        null,
        null,
        1,
        4,
        null,
        2,
        2,
        0,
        0,
        0,
        0,
        null,
        null,
        2,
        null,
        2,
        2,
        0,
        0,
        0,
        0,
        null,
        null,
        2,
        null,
        4,
        0,
        0,
        0,
        0,
        null,
        null,
        null,
        null,
        1,
        2,
        2,
        2,
        0,
        null,
        2,
        0,
        0,
        0,
        0,
        null,
        null,
        null,
        null,
        1,
        2,
        2,
        2,
        null,
        2,
        null,
        0,
        null,
        2,
        null,
        2,
        2,
        null,
        0,
        0,
        null,
        2,
        0,
        0,
        null,
        2,
        2,
        null,
        2,
        2,
        null,
        null,
        null
      ],
      "/Users/bhsieh/Documents/git/benspotatoes/app/models/movie.rb": [
        null,
        null,
        null,
        null,
        null,
        null,
        null,
        null,
        null,
        null,
        null,
        null,
        null,
        null,
        null,
        1,
        1,
        null,
        1,
        1,
        null,
        null,
        1,
        null,
        null,
        1,
        null,
        1,
        null,
        null,
        1,
        7,
        null,
        null,
        1,
        7,
        null,
        null,
        1,
        7,
        null,
        null,
        1,
        2,
        1,
        null,
        1,
        null,
        null,
        null,
        1,
        1,
        20,
        null,
        null,
        null
      ],
      "/Users/bhsieh/Documents/git/benspotatoes/app/controllers/pages_controller.rb": [
        1,
        1,
        null,
        null,
        1,
        null,
        null,
        1,
        null,
        null,
        1,
        null,
        null
      ]
    },
    "timestamp": 1338499292
  },
  "Cucumber Features": {
    "coverage": {
      "/Users/bhsieh/Documents/git/benspotatoes/app/controllers/application_controller.rb": [
        1,
        1,
        null
      ],
      "/Users/bhsieh/Documents/git/benspotatoes/app/helpers/application_helper.rb": [
        1,
        1,
        0,
        null,
        0,
        null,
        0,
        null,
        0,
        null,
        0,
        null,
        0,
        null,
        null,
        null
      ],
      "/Users/bhsieh/Documents/git/benspotatoes/app/helpers/movies_helper.rb": [
        1,
        1,
        0,
        0,
        null,
        0,
        0,
        null,
        0,
        0,
        0,
        null,
        null,
        0,
        0,
        0,
        null,
        null,
        0,
        0,
        0,
        null,
        null,
        null,
        null
      ],
      "/Users/bhsieh/Documents/git/benspotatoes/app/helpers/pages_helper.rb": [
        1,
        null
      ],
      "/Users/bhsieh/Documents/git/benspotatoes/app/controllers/movies_controller.rb": [
        1,
        1,
        8,
        0,
        0,
        null,
        0,
        null,
        0,
        0,
        null,
        null,
        8,
        8,
        8,
        null,
        8,
        8,
        null,
        8,
        8,
        null,
        8,
        null,
        8,
        null,
        8,
        0,
        0,
        0,
        null,
        null,
        null,
        null,
        null,
        null,
        null,
        null,
        null,
        0,
        0,
        null,
        null,
        null,
        8,
        null,
        null,
        null,
        8,
        null,
        null,
        8,
        null,
        8,
        null,
        null,
        null,
        null,
        null,
        null,
        null,
        null,
        null,
        null,
        null,
        null,
        null,
        8,
        8,
        null,
        null,
        0,
        null,
        null,
        null,
        null,
        null,
        null,
        null,
        null,
        null,
        null,
        null,
        null,
        null,
        0,
        null,
        null,
        null,
        1,
        0,
        null,
        null,
        1,
        null,
        null,
        1,
        0,
        null,
        null,
        1,
        0,
        0,
        0,
        0,
        null,
        0,
        0,
        null,
        null,
        null,
        1,
        0,
        0,
        0,
        0,
        null,
        0,
        0,
        null,
        null,
        null,
        1,
        0,
        0,
        0,
        0,
        null,
        null,
        1,
        1,
        24,
        null,
        8,
        8,
        40,
        null,
        8,
        8,
        4,
        null,
        8,
        0,
        0,
        0,
        0,
        null,
        null,
        null,
        8,
        8,
        40,
        null,
        8,
        8,
        4,
        null,
        8,
        0,
        0,
        0,
        0,
        null,
        null,
        null,
        8,
        8,
        24,
        null,
        8,
        8,
        4,
        null,
        8,
        0,
        0,
        0,
        0,
        null,
        null,
        null,
        null,
        null,
        1,
        16,
        null,
        8,
        8,
        0,
        0,
        0,
        0,
        null,
        null,
        null,
        8,
        8,
        0,
        0,
        0,
        0,
        null,
        null,
        null,
        null,
        null,
        1,
        16,
        null,
        8,
        8,
        0,
        0,
        0,
        0,
        null,
        null,
        8,
        null,
        8,
        8,
        0,
        0,
        0,
        0,
        null,
        null,
        8,
        null,
        16,
        0,
        0,
        0,
        0,
        null,
        null,
        null,
        null,
        1,
        8,
        8,
        8,
        0,
        null,
        8,
        0,
        0,
        0,
        0,
        null,
        null,
        null,
        null,
        1,
        8,
        8,
        8,
        null,
        8,
        null,
        0,
        null,
        8,
        null,
        4,
        4,
        null,
        4,
        4,
        null,
        8,
        4,
        4,
        null,
        8,
        4,
        null,
        8,
        4,
        null,
        null,
        null
      ],
      "/Users/bhsieh/Documents/git/benspotatoes/app/models/movie.rb": [
        null,
        null,
        null,
        null,
        null,
        null,
        null,
        null,
        null,
        null,
        null,
        null,
        null,
        null,
        null,
        1,
        1,
        null,
        1,
        1,
        null,
        null,
        1,
        null,
        null,
        1,
        null,
        1,
        null,
        null,
        1,
        24,
        null,
        null,
        1,
        21,
        null,
        null,
        1,
        22,
        null,
        null,
        1,
        8,
        8,
        null,
        0,
        null,
        null,
        null,
        1,
        1,
        40,
        null,
        null,
        null
      ],
      "/Users/bhsieh/Documents/git/benspotatoes/app/controllers/pages_controller.rb": [
        1,
        1,
        null,
        null,
        1,
        null,
        null,
        1,
        null,
        null,
        1,
        null,
        null
      ]
    },
    "timestamp": 1338499271
  }
}
